<?xml version="1.0" encoding="UTF-8"?>
<testsuite name="co.com.test.first.tests.CountriesSearchTests" tests="3" skipped="0" failures="3" errors="0" timestamp="2019-03-21T18:53:34" hostname="PRC03270" time="179.451">
  <properties/>
  <testcase name="verifyThatWeCanFindUnitedStatesOfAmericaCountryUsingTheCodeUS" classname="co.com.test.first.tests.CountriesSearchTests" time="172.526">
    <failure message="java.lang.ClassCastException: net.serenitybdd.rest.decorators.ResponseDecorated cannot be cast to io.restassured.response.Response" type="java.lang.ClassCastException">java.lang.ClassCastException: net.serenitybdd.rest.decorators.ResponseDecorated cannot be cast to io.restassured.response.Response
	at co.com.test.steps.CountriesSearchSteps.searchCountryByCode(CountriesSearchSteps.java:15)
	at co.com.test.first.tests.CountriesSearchTests.verifyThatWeCanFindUnitedStatesOfAmericaCountryUsingTheCodeUS(CountriesSearchTests.java:17)
</failure>
  </testcase>
  <testcase name="verifyThatWeCanFindBrazilCountryUsingTheCodeBR" classname="co.com.test.first.tests.CountriesSearchTests" time="1.879">
    <failure message="java.lang.ClassCastException: net.serenitybdd.rest.decorators.ResponseDecorated cannot be cast to io.restassured.response.Response" type="java.lang.ClassCastException">java.lang.ClassCastException: net.serenitybdd.rest.decorators.ResponseDecorated cannot be cast to io.restassured.response.Response
	at co.com.test.steps.CountriesSearchSteps.searchCountryByCode(CountriesSearchSteps.java:15)
	at co.com.test.first.tests.CountriesSearchTests.verifyThatWeCanFindBrazilCountryUsingTheCodeBR(CountriesSearchTests.java:31)
</failure>
  </testcase>
  <testcase name="verifyThatWeCanFindIndiaCountryUsingTheCodeIN" classname="co.com.test.first.tests.CountriesSearchTests" time="1.454">
    <failure message="java.lang.ClassCastException: net.serenitybdd.rest.decorators.ResponseDecorated cannot be cast to io.restassured.response.Response" type="java.lang.ClassCastException">java.lang.ClassCastException: net.serenitybdd.rest.decorators.ResponseDecorated cannot be cast to io.restassured.response.Response
	at co.com.test.steps.CountriesSearchSteps.searchCountryByCode(CountriesSearchSteps.java:15)
	at co.com.test.first.tests.CountriesSearchTests.verifyThatWeCanFindIndiaCountryUsingTheCodeIN(CountriesSearchTests.java:24)
</failure>
  </testcase>
  <system-out><![CDATA[{
    "RestResponse": {
        "messages": [
            "Country found matching code [US]."
        ],
        "result": {
            "name": "United States of America",
            "alpha2_code": "US",
            "alpha3_code": "USA"
        }
    }
}
{
    "RestResponse": {
        "messages": [
            "Country found matching code [BR]."
        ],
        "result": {
            "name": "Brazil",
            "alpha2_code": "BR",
            "alpha3_code": "BRA"
        }
    }
}
{
    "RestResponse": {
        "messages": [
            "Country found matching code [IN]."
        ],
        "result": {
            "name": "India",
            "alpha2_code": "IN",
            "alpha3_code": "IND"
        }
    }
}
]]></system-out>
  <system-err><![CDATA[[Test worker] INFO net.thucydides.core.steps.ConsoleLoggingListener - ?[36m

-------------------------------------------------------------------------------------
     _______. _______ .______       _______ .__   __.  __  .___________.____    ____ 
    /       ||   ____||   _  \     |   ____||  \ |  | |  | |           |\   \  /   / 
   |   (----`|  |__   |  |_)  |    |  |__   |   \|  | |  | `---|  |----` \   \/   /  
    \   \    |   __|  |      /     |   __|  |  . `  | |  |     |  |       \_    _/   
.----)   |   |  |____ |  |\  \----.|  |____ |  |\   | |  |     |  |         |  |     
|_______/    |_______|| _| `._____||_______||__| \__| |__|     |__|         |__|    
                                                                                     
 News and tutorials at http://www.serenity-bdd.info                                  
 Documentation at https://wakaleo.gitbooks.io/the-serenity-book/content/             
 Join the Serenity Community on Rocket Chat at https://serenity-bdd.rocket.chat      
 Serenity BDD Support and Training at http://serenity-bdd.info/#/trainingandsupport  
 Learn Serenity BDD online at http://serenity-dojo.com                               
-------------------------------------------------------------------------------------
?[0m
[Test worker] INFO net.thucydides.core.steps.ConsoleLoggingListener - Test Suite Started: Countries search tests
[Test worker] INFO net.thucydides.core.steps.ConsoleLoggingListener - 
 _____ _____ ____ _____   ____ _____  _    ____ _____ _____ ____  
|_   _| ____/ ___|_   _| / ___|_   _|/ \  |  _ \_   _| ____|  _ \ 
  | | |  _| \___ \ | |   \___ \ | | / _ \ | |_) || | |  _| | | | |
  | | | |___ ___) || |    ___) || |/ ___ \|  _ < | | | |___| |_| |
  |_| |_____|____/ |_|   |____/ |_/_/   \_\_| \_\|_| |_____|____/ 
                                                                  

TEST STARTED: verifyThatWeCanFindUnitedStatesOfAmericaCountryUsingTheCodeUS
-------------------------------------------------------------------
[Test worker] INFO net.serenitybdd.core.Serenity - TEST NUMBER: 1
[Test worker] ERROR net.thucydides.core.steps.ConsoleLoggingListener - 
           __  _____ _____ ____ _____   _____ _    ___ _     _____ ____  
  _       / / |_   _| ____/ ___|_   _| |  ___/ \  |_ _| |   | ____|  _ \ 
 (_)_____| |    | | |  _| \___ \ | |   | |_ / _ \  | || |   |  _| | | | |
  _|_____| |    | | | |___ ___) || |   |  _/ ___ \ | || |___| |___| |_| |
 (_)     | |    |_| |_____|____/ |_|   |_|/_/   \_\___|_____|_____|____/ 
          \_\                                                            

TEST FAILED WITH ERROR: Verify that we can find united states of america country using the code US
---------------------------------------------------------------------
[Test worker] ERROR net.thucydides.core.steps.ConsoleLoggingListener - TEST FAILED AT STEP I try to search the country by US code
[Test worker] ERROR net.thucydides.core.steps.ConsoleLoggingListener - net.serenitybdd.rest.decorators.ResponseDecorated cannot be cast to io.restassured.response.Response
[Test worker] INFO net.thucydides.core.steps.ConsoleLoggingListener - 
 _____ _____ ____ _____   ____ _____  _    ____ _____ _____ ____  
|_   _| ____/ ___|_   _| / ___|_   _|/ \  |  _ \_   _| ____|  _ \ 
  | | |  _| \___ \ | |   \___ \ | | / _ \ | |_) || | |  _| | | | |
  | | | |___ ___) || |    ___) || |/ ___ \|  _ < | | | |___| |_| |
  |_| |_____|____/ |_|   |____/ |_/_/   \_\_| \_\|_| |_____|____/ 
                                                                  

TEST STARTED: verifyThatWeCanFindBrazilCountryUsingTheCodeBR
-------------------------------------------------------------------
[Test worker] INFO net.serenitybdd.core.Serenity - TEST NUMBER: 2
[Test worker] ERROR net.thucydides.core.steps.ConsoleLoggingListener - 
           __  _____ _____ ____ _____   _____ _    ___ _     _____ ____  
  _       / / |_   _| ____/ ___|_   _| |  ___/ \  |_ _| |   | ____|  _ \ 
 (_)_____| |    | | |  _| \___ \ | |   | |_ / _ \  | || |   |  _| | | | |
  _|_____| |    | | | |___ ___) || |   |  _/ ___ \ | || |___| |___| |_| |
 (_)     | |    |_| |_____|____/ |_|   |_|/_/   \_\___|_____|_____|____/ 
          \_\                                                            

TEST FAILED WITH ERROR: Verify that we can find brazil country using the code BR
---------------------------------------------------------------------
[Test worker] ERROR net.thucydides.core.steps.ConsoleLoggingListener - TEST FAILED AT STEP I try to search the country by BR code
[Test worker] ERROR net.thucydides.core.steps.ConsoleLoggingListener - net.serenitybdd.rest.decorators.ResponseDecorated cannot be cast to io.restassured.response.Response
[Test worker] INFO net.thucydides.core.steps.ConsoleLoggingListener - 
 _____ _____ ____ _____   ____ _____  _    ____ _____ _____ ____  
|_   _| ____/ ___|_   _| / ___|_   _|/ \  |  _ \_   _| ____|  _ \ 
  | | |  _| \___ \ | |   \___ \ | | / _ \ | |_) || | |  _| | | | |
  | | | |___ ___) || |    ___) || |/ ___ \|  _ < | | | |___| |_| |
  |_| |_____|____/ |_|   |____/ |_/_/   \_\_| \_\|_| |_____|____/ 
                                                                  

TEST STARTED: verifyThatWeCanFindIndiaCountryUsingTheCodeIN
-------------------------------------------------------------------
[Test worker] INFO net.serenitybdd.core.Serenity - TEST NUMBER: 3
[Test worker] ERROR net.thucydides.core.steps.ConsoleLoggingListener - 
           __  _____ _____ ____ _____   _____ _    ___ _     _____ ____  
  _       / / |_   _| ____/ ___|_   _| |  ___/ \  |_ _| |   | ____|  _ \ 
 (_)_____| |    | | |  _| \___ \ | |   | |_ / _ \  | || |   |  _| | | | |
  _|_____| |    | | | |___ ___) || |   |  _/ ___ \ | || |___| |___| |_| |
 (_)     | |    |_| |_____|____/ |_|   |_|/_/   \_\___|_____|_____|____/ 
          \_\                                                            

TEST FAILED WITH ERROR: Verify that we can find india country using the code IN
---------------------------------------------------------------------
[Test worker] ERROR net.thucydides.core.steps.ConsoleLoggingListener - TEST FAILED AT STEP I try to search the country by IN code
[Test worker] ERROR net.thucydides.core.steps.ConsoleLoggingListener - net.serenitybdd.rest.decorators.ResponseDecorated cannot be cast to io.restassured.response.Response
]]></system-err>
</testsuite>
